app/build/intermediates/manifest_merge_blame_file/debug/manifest-merger-blame-debug-report.txt
1<?xml version="1.0" encoding="utf-8"?>
2<manifest xmlns:android="http://schemas.android.com/apk/res/android"
3    package="scse.g8.remote"
4    android:versionCode="1"
5    android:versionName="MDPGroup3 AY22S2" >
6
7    <uses-sdk
8        android:minSdkVersion="24"
9        android:targetSdkVersion="33" />
10    <!-- Request legacy Bluetooth permissions on older devices. -->
11    <uses-permission android:name="android.permission.BLUETOOTH" />
11-->src/main/AndroidManifest.xml:5:5-68
11-->src/main/AndroidManifest.xml:5:22-65
12    <uses-permission android:name="android.permission.BLUETOOTH_ADMIN" />
12-->src/main/AndroidManifest.xml:6:5-74
12-->src/main/AndroidManifest.xml:6:22-71
13    <!--
14 Needed only if your app makes the device discoverable to Bluetooth
15         devices.
16    -->
17    <uses-permission android:name="android.permission.BLUETOOTH_ADVERTISE" />
17-->src/main/AndroidManifest.xml:11:5-78
17-->src/main/AndroidManifest.xml:11:22-75
18    <!--
19 Needed only if your app communicates with already-paired Bluetooth
20         devices.
21    -->
22    <uses-permission android:name="android.permission.BLUETOOTH_CONNECT" />
22-->src/main/AndroidManifest.xml:16:5-76
22-->src/main/AndroidManifest.xml:16:22-73
23    <!--
24 Needed only if your app looks for Bluetooth devices.
25        If your app doesn't use Bluetooth scan results to derive physical
26        location information, you can strongly assert that your app
27        doesn't derive physical location.
28    -->
29    <uses-permission android:name="android.permission.BLUETOOTH_SCAN" />
29-->src/main/AndroidManifest.xml:23:5-73
29-->src/main/AndroidManifest.xml:23:22-70
30    <uses-permission android:name="android.permission.ACCESS_BACKGROUND_LOCATION" />
30-->src/main/AndroidManifest.xml:24:5-85
30-->src/main/AndroidManifest.xml:24:22-82
31
32    <uses-permission-sdk-23 android:name="android.permission.ACCESS_COARSE_LOCATION" />
32-->src/main/AndroidManifest.xml:26:5-88
32-->src/main/AndroidManifest.xml:26:29-85
33    <uses-permission-sdk-23 android:name="android.permission.ACCESS_FINE_LOCATION" />
33-->src/main/AndroidManifest.xml:27:5-86
33-->src/main/AndroidManifest.xml:27:29-83
34
35    <uses-feature
35-->src/main/AndroidManifest.xml:29:5-31:36
36        android:name="android.hardware.bluetooth"
36-->src/main/AndroidManifest.xml:30:9-50
37        android:required="false" />
37-->src/main/AndroidManifest.xml:31:9-33
38    <uses-feature
38-->src/main/AndroidManifest.xml:32:5-34:36
39        android:name="android.hardware.bluetooth_le"
39-->src/main/AndroidManifest.xml:33:9-53
40        android:required="false" />
40-->src/main/AndroidManifest.xml:34:9-33
41
42    <uses-permission android:name="android.permission.INTERNET" />
42-->src/main/AndroidManifest.xml:36:5-67
42-->src/main/AndroidManifest.xml:36:22-64
43
44    <permission
44-->[androidx.core:core:1.9.0] AndroidManifest.xml:22:5-24:47
45        android:name="scse.g8.remote.DYNAMIC_RECEIVER_NOT_EXPORTED_PERMISSION"
45-->[androidx.core:core:1.9.0] AndroidManifest.xml:23:9-81
46        android:protectionLevel="signature" />
46-->[androidx.core:core:1.9.0] AndroidManifest.xml:24:9-44
47
48    <uses-permission android:name="scse.g8.remote.DYNAMIC_RECEIVER_NOT_EXPORTED_PERMISSION" />
48-->[androidx.core:core:1.9.0] AndroidManifest.xml:26:5-97
48-->[androidx.core:core:1.9.0] AndroidManifest.xml:26:22-94
49
50    <application
50-->src/main/AndroidManifest.xml:38:5-78:19
51        android:allowBackup="true"
51-->src/main/AndroidManifest.xml:39:9-35
52        android:appComponentFactory="androidx.core.app.CoreComponentFactory"
52-->[androidx.core:core:1.9.0] AndroidManifest.xml:28:18-86
53        android:dataExtractionRules="@xml/data_extraction_rules"
53-->src/main/AndroidManifest.xml:40:9-65
54        android:debuggable="true"
55        android:extractNativeLibs="false"
56        android:fullBackupContent="@xml/backup_rules"
56-->src/main/AndroidManifest.xml:41:9-54
57        android:icon="@mipmap/ic_launcher"
57-->src/main/AndroidManifest.xml:42:9-43
58        android:label="@string/app_name"
58-->src/main/AndroidManifest.xml:43:9-41
59        android:supportsRtl="true"
59-->src/main/AndroidManifest.xml:44:9-35
60        android:testOnly="true"
61        android:theme="@style/Theme.MDPAndroidController" >
61-->src/main/AndroidManifest.xml:45:9-58
62        <activity
62-->src/main/AndroidManifest.xml:47:9-57:20
63            android:name="scse.g8.remote.SplashScreen"
63-->src/main/AndroidManifest.xml:48:13-41
64            android:exported="true"
64-->src/main/AndroidManifest.xml:49:13-36
65            android:label="@string/app_name"
65-->src/main/AndroidManifest.xml:50:13-45
66            android:theme="@style/Theme.MDPAndroidController.NoActionBar" >
66-->src/main/AndroidManifest.xml:51:13-74
67            <intent-filter>
67-->src/main/AndroidManifest.xml:52:13-56:29
68                <action android:name="android.intent.action.MAIN" />
68-->src/main/AndroidManifest.xml:53:17-69
68-->src/main/AndroidManifest.xml:53:25-66
69
70                <category android:name="android.intent.category.LAUNCHER" />
70-->src/main/AndroidManifest.xml:55:17-77
70-->src/main/AndroidManifest.xml:55:27-74
71            </intent-filter>
72        </activity>
73        <activity
73-->src/main/AndroidManifest.xml:59:9-70:20
74            android:name="scse.g8.remote.MainActivity"
74-->src/main/AndroidManifest.xml:60:13-41
75            android:exported="true"
75-->src/main/AndroidManifest.xml:61:13-36
76            android:screenOrientation="sensorPortrait"
76-->src/main/AndroidManifest.xml:62:13-55
77            android:theme="@style/Theme.MDPAndroidController.NoActionBar" >
77-->src/main/AndroidManifest.xml:63:13-74
78            <intent-filter>
78-->src/main/AndroidManifest.xml:65:13-69:29
79                <action android:name="android.intent.action.MAIN" />
79-->src/main/AndroidManifest.xml:53:17-69
79-->src/main/AndroidManifest.xml:53:25-66
80            </intent-filter>
81        </activity>
82        <activity
82-->src/main/AndroidManifest.xml:72:9-74:57
83            android:name="scse.g8.remote.Connect"
83-->src/main/AndroidManifest.xml:73:13-36
84            android:screenOrientation="sensorPortrait" />
84-->src/main/AndroidManifest.xml:74:13-55
85
86        <service
86-->src/main/AndroidManifest.xml:75:9-77:58
87            android:name="scse.g8.remote.BluetoothConnectionService"
87-->src/main/AndroidManifest.xml:76:13-55
88            android:screenOrientation="sensorPortrait" />
88-->src/main/AndroidManifest.xml:77:13-55
89
90        <provider
90-->[androidx.emoji2:emoji2:1.2.0] AndroidManifest.xml:24:9-32:20
91            android:name="androidx.startup.InitializationProvider"
91-->[androidx.emoji2:emoji2:1.2.0] AndroidManifest.xml:25:13-67
92            android:authorities="scse.g8.remote.androidx-startup"
92-->[androidx.emoji2:emoji2:1.2.0] AndroidManifest.xml:26:13-68
93            android:exported="false" >
93-->[androidx.emoji2:emoji2:1.2.0] AndroidManifest.xml:27:13-37
94            <meta-data
94-->[androidx.emoji2:emoji2:1.2.0] AndroidManifest.xml:29:13-31:52
95                android:name="androidx.emoji2.text.EmojiCompatInitializer"
95-->[androidx.emoji2:emoji2:1.2.0] AndroidManifest.xml:30:17-75
96                android:value="androidx.startup" />
96-->[androidx.emoji2:emoji2:1.2.0] AndroidManifest.xml:31:17-49
97            <meta-data
97-->[androidx.lifecycle:lifecycle-process:2.4.1] AndroidManifest.xml:31:13-33:52
98                android:name="androidx.lifecycle.ProcessLifecycleInitializer"
98-->[androidx.lifecycle:lifecycle-process:2.4.1] AndroidManifest.xml:32:17-78
99                android:value="androidx.startup" />
99-->[androidx.lifecycle:lifecycle-process:2.4.1] AndroidManifest.xml:33:17-49
100        </provider>
101
102        <uses-library
102-->[androidx.window:window:1.0.0] AndroidManifest.xml:25:9-27:40
103            android:name="androidx.window.extensions"
103-->[androidx.window:window:1.0.0] AndroidManifest.xml:26:13-54
104            android:required="false" />
104-->[androidx.window:window:1.0.0] AndroidManifest.xml:27:13-37
105        <uses-library
105-->[androidx.window:window:1.0.0] AndroidManifest.xml:28:9-30:40
106            android:name="androidx.window.sidecar"
106-->[androidx.window:window:1.0.0] AndroidManifest.xml:29:13-51
107            android:required="false" />
107-->[androidx.window:window:1.0.0] AndroidManifest.xml:30:13-37
108    </application>
109
110</manifest>